<?xml version="1.0" encoding="UTF-8"?>
<testsuite xmlns:xsi="http://www.w3.org/2001/XMLSchema-instance" xsi:noNamespaceSchemaLocation="https://maven.apache.org/surefire/maven-surefire-plugin/xsd/surefire-test-report-3.0.xsd" version="3.0" name="runners.TestRunner" time="0.254" tests="2" errors="0" skipped="0" failures="0">
  <properties>
[...]
</properties>
  <testcase name="Login with correct credentials" classname="User Login" time="0.035">
    <system-out><![CDATA[
Scenario: Login with correct credentials                   &amp#27;[90m# ./login.feature:6&amp#27;[0m
Opening login page
  &amp#27;[32mGiven &amp#27;[0m&amp#27;[32muser is on the login page&amp#27;[0m                          &amp#27;[90m# stepdefinitions.LoginSteps.userIsOnTheLoginPage()&amp#27;[0m
Entering username: testuser
  &amp#27;[32mWhen &amp#27;[0m&amp#27;[32muser enters username &amp#27;[0m&amp#27;[32m&amp#27;[1m"testuser"&amp#27;[0m                     &amp#27;[90m# stepdefinitions.LoginSteps.userEntersUsername(java.lang.String)&amp#27;[0m
Entering password: password123
  &amp#27;[32mAnd &amp#27;[0m&amp#27;[32muser enters password &amp#27;[0m&amp#27;[32m&amp#27;[1m"password123"&amp#27;[0m                   &amp#27;[90m# stepdefinitions.LoginSteps.userEntersPassword(java.lang.String)&amp#27;[0m
Clicking login button
  &amp#27;[32mAnd &amp#27;[0m&amp#27;[32muser clicks the login button&amp#27;[0m                         &amp#27;[90m# stepdefinitions.LoginSteps.userClicksTheLoginButton()&amp#27;[0m
Login successful
  &amp#27;[32mThen &amp#27;[0m&amp#27;[32muser should be logged in successfully&amp#27;[0m               &amp#27;[90m# stepdefinitions.LoginSteps.userShouldBeLoggedInSuccessfully()&amp#27;[0m
Seeing message: Welcome, testuser!
  &amp#27;[32mAnd &amp#27;[0m&amp#27;[32muser should see welcome message &amp#27;[0m&amp#27;[32m&amp#27;[1m"Welcome, testuser!"&amp#27;[0m &amp#27;[90m# stepdefinitions.LoginSteps.userShouldSeeWelcomeMessage(java.lang.String)&amp#27;[0m
]]></system-out>
  </testcase>
  <testcase name="Login with wrong password" classname="User Login" time="0.004">
    <system-out><![CDATA[
Scenario: Login with wrong password                                 &amp#27;[90m# ./login.feature:14&amp#27;[0m
Opening login page
  &amp#27;[32mGiven &amp#27;[0m&amp#27;[32muser is on the login page&amp#27;[0m                                   &amp#27;[90m# stepdefinitions.LoginSteps.userIsOnTheLoginPage()&amp#27;[0m
Entering username: testuser
  &amp#27;[32mWhen &amp#27;[0m&amp#27;[32muser enters username &amp#27;[0m&amp#27;[32m&amp#27;[1m"testuser"&amp#27;[0m                              &amp#27;[90m# stepdefinitions.LoginSteps.userEntersUsername(java.lang.String)&amp#27;[0m
Entering password: wrongpassword
  &amp#27;[32mAnd &amp#27;[0m&amp#27;[32muser enters password &amp#27;[0m&amp#27;[32m&amp#27;[1m"wrongpassword"&amp#27;[0m                          &amp#27;[90m# stepdefinitions.LoginSteps.userEntersPassword(java.lang.String)&amp#27;[0m
Clicking login button
  &amp#27;[32mAnd &amp#27;[0m&amp#27;[32muser clicks the login button&amp#27;[0m                                  &amp#27;[90m# stepdefinitions.LoginSteps.userClicksTheLoginButton()&amp#27;[0m
Seeing error message: Invalid username or password
  &amp#27;[32mThen &amp#27;[0m&amp#27;[32muser should see error message &amp#27;[0m&amp#27;[32m&amp#27;[1m"Invalid username or password"&amp#27;[0m &amp#27;[90m# stepdefinitions.LoginSteps.userShouldSeeErrorMessage(java.lang.String)&amp#27;[0m
]]></system-out>
  </testcase>
</testsuite>